<?xml version="1.0" encoding="UTF-8"?>
<testng-results skipped="0" failed="0" total="1" passed="1">
  <reporter-output>
  </reporter-output>
  <suite name="Default suite" duration-ms="4376" started-at="2018-01-22T17:49:41Z" finished-at="2018-01-22T17:49:46Z">
    <groups>
    </groups>
    <test name="Default test" duration-ms="4376" started-at="2018-01-22T17:49:41Z" finished-at="2018-01-22T17:49:46Z">
      <class name="api.bagels.tests.CMBBagelsGETRequests">
        <test-method status="PASS" signature="noParamsTest()[pri:0, instance:api.bagels.tests.CMBBagelsGETRequests@23ceabc1]" name="noParamsTest" duration-ms="4357" started-at="2018-01-22T12:49:41Z" finished-at="2018-01-22T12:49:46Z">
          <reporter-output>
          </reporter-output>
        </test-method> <!-- noParamsTest -->
      </class> <!-- api.bagels.tests.CMBBagelsGETRequests -->
    </test> <!-- Default test -->
  </suite> <!-- Default suite -->
</testng-results>
